<?xml version="1.0" encoding="UTF-8"?>
<testng-results ignored="0" total="1" passed="1" failed="0" skipped="0">
  <reporter-output>
  </reporter-output>
  <suite started-at="2023-10-18T18:40:31 IST" name="Default suite" finished-at="2023-10-18T18:40:42 IST" duration-ms="10831">
    <groups>
    </groups>
    <test started-at="2023-10-18T18:40:31 IST" name="Default test" finished-at="2023-10-18T18:40:42 IST" duration-ms="10831">
      <class name="testCases.SignupExcelNineSept">
        <test-method signature="SigupExcel()[pri:0, instance:testCases.SignupExcelNineSept@689604d9]" started-at="2023-10-18T18:40:31 IST" name="SigupExcel" finished-at="2023-10-18T18:40:42 IST" duration-ms="10778" status="PASS">
          <reporter-output>
          </reporter-output>
        </test-method> <!-- SigupExcel -->
      </class> <!-- testCases.SignupExcelNineSept -->
    </test> <!-- Default test -->
  </suite> <!-- Default suite -->
</testng-results>
